Using pre-set license
Built from '2020.3/staging' branch; Version is '2020.3.20f1 (41c4e627c95f) revision 4310246'; Using compiler version '192528614'; Build Type 'Release'
OS: 'Windows 10 Home Single Language; OS build 19042.1237; Version 2009; 64bit' Language: 'es' Physical Memory: 16219 MB
BatchMode: 1, IsHumanControllingUs: 0, StartBugReporterOnCrash: 0, Is64bit: 1, IsPro: 0

COMMAND LINE ARGUMENTS:
C:\Program Files\Unity 2020.3.20f1\Editor\Unity.exe
-adb2
-batchMode
-noUpm
-name
AssetImportWorker0
-projectPath
D:/Personaje-Louise/Louise
-logFile
Logs/AssetImportWorker0.log
-srvPort
51156
Successfully changed project path to: D:/Personaje-Louise/Louise
D:/Personaje-Louise/Louise
Using Asset Import Pipeline V2.
Refreshing native plugins compatible for Editor in 62.01 ms, found 2 plugins.
Preloading 0 native plugins for Editor in 0.00 ms.
Initialize engine version: 2020.3.20f1 (41c4e627c95f)
[Subsystems] Discovering subsystems at path C:/Program Files/Unity 2020.3.20f1/Editor/Data/Resources/UnitySubsystems
[Subsystems] Discovering subsystems at path D:/Personaje-Louise/Louise/Assets
GfxDevice: creating device client; threaded=0
Direct3D:
    Version:  Direct3D 11.0 [level 11.1]
    Renderer: Intel(R) UHD Graphics (ID=0x9b41)
    Vendor:   
    VRAM:     8109 MB
    Driver:   27.20.100.8984
Initialize mono
Mono path[0] = 'C:/Program Files/Unity 2020.3.20f1/Editor/Data/Managed'
Mono path[1] = 'C:/Program Files/Unity 2020.3.20f1/Editor/Data/MonoBleedingEdge/lib/mono/unityjit'
Mono config path = 'C:/Program Files/Unity 2020.3.20f1/Editor/Data/MonoBleedingEdge/etc'
Using monoOptions --debugger-agent=transport=dt_socket,embedding=1,server=y,suspend=n,address=127.0.0.1:56380
Begin MonoManager ReloadAssembly
Registering precompiled unity dll's ...
Register platform support module: C:/Program Files/Unity 2020.3.20f1/Editor/Data/PlaybackEngines/WindowsStandaloneSupport/UnityEditor.WindowsStandalone.Extensions.dll
Registered in 0.002642 seconds.
Native extension for WindowsStandalone target not found
Refreshing native plugins compatible for Editor in 47.17 ms, found 2 plugins.
Preloading 0 native plugins for Editor in 0.00 ms.
Mono: successfully reloaded assembly
- Completed reload, in  1.797 seconds
Domain Reload Profiling:
	ReloadAssembly (1797ms)
		BeginReloadAssembly (113ms)
			ExecutionOrderSort (0ms)
			DisableScriptedObjects (0ms)
			BackupInstance (0ms)
			ReleaseScriptingObjects (0ms)
			CreateAndSetChildDomain (1ms)
		EndReloadAssembly (703ms)
			LoadAssemblies (107ms)
			RebuildTransferFunctionScriptingTraits (0ms)
			SetupTypeCache (250ms)
			ReleaseScriptCaches (0ms)
			RebuildScriptCaches (50ms)
			SetupLoadedEditorAssemblies (268ms)
				LogAssemblyErrors (0ms)
				InitializePlatformSupportModulesInManaged (6ms)
				SetLoadedEditorAssemblies (0ms)
				RefreshPlugins (47ms)
				BeforeProcessingInitializeOnLoad (26ms)
				ProcessInitializeOnLoadAttributes (136ms)
				ProcessInitializeOnLoadMethodAttributes (51ms)
				AfterProcessingInitializeOnLoad (0ms)
				EditorAssembliesLoaded (0ms)
			ExecutionOrderSort2 (0ms)
			AwakeInstancesAfterBackupRestoration (0ms)
Platform modules already initialized, skipping
Registering precompiled user dll's ...
Registered in 0.002397 seconds.
Begin MonoManager ReloadAssembly
Native extension for WindowsStandalone target not found
Refreshing native plugins compatible for Editor in 0.35 ms, found 2 plugins.
Preloading 0 native plugins for Editor in 0.00 ms.
Mono: successfully reloaded assembly
- Completed reload, in  1.403 seconds
Domain Reload Profiling:
	ReloadAssembly (1404ms)
		BeginReloadAssembly (241ms)
			ExecutionOrderSort (0ms)
			DisableScriptedObjects (10ms)
			BackupInstance (0ms)
			ReleaseScriptingObjects (0ms)
			CreateAndSetChildDomain (29ms)
		EndReloadAssembly (1064ms)
			LoadAssemblies (127ms)
			RebuildTransferFunctionScriptingTraits (0ms)
			SetupTypeCache (375ms)
			ReleaseScriptCaches (0ms)
			RebuildScriptCaches (55ms)
			SetupLoadedEditorAssemblies (392ms)
				LogAssemblyErrors (0ms)
				InitializePlatformSupportModulesInManaged (6ms)
				SetLoadedEditorAssemblies (1ms)
				RefreshPlugins (0ms)
				BeforeProcessingInitializeOnLoad (98ms)
				ProcessInitializeOnLoadAttributes (272ms)
				ProcessInitializeOnLoadMethodAttributes (6ms)
				AfterProcessingInitializeOnLoad (10ms)
				EditorAssembliesLoaded (0ms)
			ExecutionOrderSort2 (0ms)
			AwakeInstancesAfterBackupRestoration (9ms)
Platform modules already initialized, skipping
========================================================================
Worker process is ready to serve import requests
Launched and connected shader compiler UnityShaderCompiler.exe after 0.06 seconds
Refreshing native plugins compatible for Editor in 0.39 ms, found 2 plugins.
Preloading 0 native plugins for Editor in 0.00 ms.
Unloading 1399 Unused Serialized files (Serialized files now loaded: 0)
System memory in use before: 65.0 MB.
System memory in use after: 65.0 MB.

Unloading 16 unused Assets to reduce memory usage. Loaded Objects now: 1834.
Total: 6.290300 ms (FindLiveObjects: 0.427400 ms CreateObjectMapping: 0.193000 ms MarkObjects: 5.553700 ms  DeleteObjects: 0.114000 ms)

AssetImportParameters requested are different than current active one (requested -> active):
  custom:framework-win-MediaFoundation: 216162199b28c13a410421893ffa2e32 -> 
  custom:video-decoder-ogg-theora: a1e56fd34408186e4bbccfd4996cb3dc -> 
  custom:container-muxer-webm: aa71ff27fc2769a1b78a27578f13a17b -> 
  custom:container-demuxer-webm: 4f35f7cbe854078d1ac9338744f61a02 -> 
  custom:container-demuxer-ogg: 62fdf1f143b41e24485cea50d1cbac27 -> 
  custom:video-encoder-webm-vp8: eb34c28f22e8b96e1ab97ce403110664 -> 
  custom:video-codec-MediaFoundation-h265: 746d11721c4dcdbdad8f713fa42b33f4 -> 
  custom:video-decoder-webm-vp8: 9c59270c3fd7afecdb556c50c9e8de78 -> 
  custom:audio-decoder-ogg-vorbis: bf7c407c2cedff20999df2af8eb42d56 -> 
  custom:audio-encoder-webm-vorbis: bf7c407c2cedff20999df2af8eb42d56 -> 
========================================================================
Received Import Request.
  path: Assets/Scenes/Ch07_nonPBR@Dwarf Idle.fbx
  artifactKey: Guid(f9459cd17c70320479dd1ddb2d2cc828) Importer(815301076,1909f56bfc062723c751e8b465ee728b)
Start importing Assets/Scenes/Ch07_nonPBR@Dwarf Idle.fbx using Guid(f9459cd17c70320479dd1ddb2d2cc828) Importer(815301076,1909f56bfc062723c751e8b465ee728b)  -> (artifact id: '72fb74d063713958191ddaed590f5856') in 1.892486 seconds 
  Import took 1.907840 seconds .

========================================================================
Received Import Request.
  Time since last request: 0.000540 seconds.
  path: Assets/Scenes/Ch07_nonPBR@Walking.fbx
  artifactKey: Guid(e3a37764cafb7de48a60c0e30db89d97) Importer(815301076,1909f56bfc062723c751e8b465ee728b)
Start importing Assets/Scenes/Ch07_nonPBR@Walking.fbx using Guid(e3a37764cafb7de48a60c0e30db89d97) Importer(815301076,1909f56bfc062723c751e8b465ee728b)  -> (artifact id: '330ccecf702405f2e30e8add3671bf06') in 0.192076 seconds 
  Import took 0.198303 seconds .

========================================================================
Received Import Request.
  Time since last request: 0.000283 seconds.
  path: Assets/Scenes/Ch07_nonPBR@Left Strafe Walk.fbx
  artifactKey: Guid(b83145b4ea8eb4c47937a1520bcbb0e5) Importer(815301076,1909f56bfc062723c751e8b465ee728b)
Start importing Assets/Scenes/Ch07_nonPBR@Left Strafe Walk.fbx using Guid(b83145b4ea8eb4c47937a1520bcbb0e5) Importer(815301076,1909f56bfc062723c751e8b465ee728b)  -> (artifact id: '0dd12ee03a7adddd7bff041e3aca8934') in 0.194508 seconds 
  Import took 0.198042 seconds .

========================================================================
Received Import Request.
  Time since last request: 0.000276 seconds.
  path: Assets/Scenes/Ch07_nonPBR.fbx
  artifactKey: Guid(2a6fd05412522c64680d833707aa3b3f) Importer(815301076,1909f56bfc062723c751e8b465ee728b)
Start importing Assets/Scenes/Ch07_nonPBR.fbx using Guid(2a6fd05412522c64680d833707aa3b3f) Importer(815301076,1909f56bfc062723c751e8b465ee728b)  -> (artifact id: '307ca3d81d424ce745959c8d2035ff98') in 0.197905 seconds 
  Import took 0.201457 seconds .

========================================================================
Received Import Request.
  Time since last request: 96.216060 seconds.
  path: Assets/Scenes/textures
  artifactKey: Guid(63c0a34126f41fa4d90ecaf113e8d7e7) Importer(815301076,1909f56bfc062723c751e8b465ee728b)
Start importing Assets/Scenes/textures using Guid(63c0a34126f41fa4d90ecaf113e8d7e7) Importer(815301076,1909f56bfc062723c751e8b465ee728b)  -> (artifact id: '491dd0567a2f55c30c98ceaacb189a87') in 0.001381 seconds 
  Import took 0.013938 seconds .

========================================================================
Received Import Request.
  Time since last request: 5.315353 seconds.
  path: Assets/Scenes/Ch07_nonPBR.fbx
  artifactKey: Guid(2a6fd05412522c64680d833707aa3b3f) Importer(815301076,1909f56bfc062723c751e8b465ee728b)
Start importing Assets/Scenes/Ch07_nonPBR.fbx using Guid(2a6fd05412522c64680d833707aa3b3f) Importer(815301076,1909f56bfc062723c751e8b465ee728b)  -> (artifact id: 'd144b149c87916e89547a3a8abfed00e') in 0.329778 seconds 
  Import took 0.347263 seconds .

========================================================================
Received Import Request.
  Time since last request: 0.000290 seconds.
  path: Assets/Scenes/Ch07_nonPBR@Dwarf Idle.fbx
  artifactKey: Guid(f9459cd17c70320479dd1ddb2d2cc828) Importer(815301076,1909f56bfc062723c751e8b465ee728b)
Start importing Assets/Scenes/Ch07_nonPBR@Dwarf Idle.fbx using Guid(f9459cd17c70320479dd1ddb2d2cc828) Importer(815301076,1909f56bfc062723c751e8b465ee728b)  -> (artifact id: 'a553521e0a3cbb0e047d6d9df525129b') in 0.269469 seconds 
  Import took 0.275709 seconds .

========================================================================
Received Import Request.
  Time since last request: 0.000262 seconds.
  path: Assets/Scenes/Ch07_nonPBR@Walking.fbx
  artifactKey: Guid(e3a37764cafb7de48a60c0e30db89d97) Importer(815301076,1909f56bfc062723c751e8b465ee728b)
Start importing Assets/Scenes/Ch07_nonPBR@Walking.fbx using Guid(e3a37764cafb7de48a60c0e30db89d97) Importer(815301076,1909f56bfc062723c751e8b465ee728b)  -> (artifact id: 'a8e4f20aaa904e96ca56ef5ef81bb04d') in 0.277564 seconds 
  Import took 0.282157 seconds .

========================================================================
Received Import Request.
  Time since last request: 0.000324 seconds.
  path: Assets/Scenes/Ch07_nonPBR@Left Strafe Walk.fbx
  artifactKey: Guid(b83145b4ea8eb4c47937a1520bcbb0e5) Importer(815301076,1909f56bfc062723c751e8b465ee728b)
Start importing Assets/Scenes/Ch07_nonPBR@Left Strafe Walk.fbx using Guid(b83145b4ea8eb4c47937a1520bcbb0e5) Importer(815301076,1909f56bfc062723c751e8b465ee728b)  -> (artifact id: 'b60cea8a2b70ae8311e4631dbfa79e5a') in 0.264129 seconds 
  Import took 0.270478 seconds .

========================================================================
Received Import Request.
  Time since last request: 5.908424 seconds.
  path: Assets/Scenes
  artifactKey: Guid(c03697545544ad44d9a4e0c87ae3a06d) Importer(815301076,1909f56bfc062723c751e8b465ee728b)
Start importing Assets/Scenes using Guid(c03697545544ad44d9a4e0c87ae3a06d) Importer(815301076,1909f56bfc062723c751e8b465ee728b)  -> (artifact id: 'b6d17cfbc0a71e7979afb559534245d7') in 0.001490 seconds 
  Import took 0.004838 seconds .

========================================================================
Received Import Request.
  Time since last request: 393.780348 seconds.
  path: Assets/Scenes/Ch07_nonPBR.fbx
  artifactKey: Guid(2a6fd05412522c64680d833707aa3b3f) Importer(815301076,1909f56bfc062723c751e8b465ee728b)
Start importing Assets/Scenes/Ch07_nonPBR.fbx using Guid(2a6fd05412522c64680d833707aa3b3f) Importer(815301076,1909f56bfc062723c751e8b465ee728b)  -> (artifact id: 'd6aedf2be20d6dc88b33fc6980b39b94') in 0.482473 seconds 
  Import took 0.486656 seconds .

========================================================================
Received Import Request.
  Time since last request: 0.000276 seconds.
  path: Assets/Scenes/Ch07_nonPBR@Dwarf Idle.fbx
  artifactKey: Guid(f9459cd17c70320479dd1ddb2d2cc828) Importer(815301076,1909f56bfc062723c751e8b465ee728b)
Start importing Assets/Scenes/Ch07_nonPBR@Dwarf Idle.fbx using Guid(f9459cd17c70320479dd1ddb2d2cc828) Importer(815301076,1909f56bfc062723c751e8b465ee728b)  -> (artifact id: 'b15bd1d2d2c14dbba1517a435d31eb7d') in 0.392135 seconds 
  Import took 0.398814 seconds .

========================================================================
Received Import Request.
  Time since last request: 0.000950 seconds.
  path: Assets/Scenes/Ch07_nonPBR@Walking.fbx
  artifactKey: Guid(e3a37764cafb7de48a60c0e30db89d97) Importer(815301076,1909f56bfc062723c751e8b465ee728b)
Start importing Assets/Scenes/Ch07_nonPBR@Walking.fbx using Guid(e3a37764cafb7de48a60c0e30db89d97) Importer(815301076,1909f56bfc062723c751e8b465ee728b)  -> (artifact id: 'e1c2fa5a9f366835316a9c2b31556008') in 0.321985 seconds 
  Import took 0.334228 seconds .

========================================================================
Received Import Request.
  Time since last request: 0.000573 seconds.
  path: Assets/Scenes/Ch07_nonPBR@Left Strafe Walk.fbx
  artifactKey: Guid(b83145b4ea8eb4c47937a1520bcbb0e5) Importer(815301076,1909f56bfc062723c751e8b465ee728b)
Start importing Assets/Scenes/Ch07_nonPBR@Left Strafe Walk.fbx using Guid(b83145b4ea8eb4c47937a1520bcbb0e5) Importer(815301076,1909f56bfc062723c751e8b465ee728b)  -> (artifact id: 'fa77289a668a0911a138eaee51d47b68') in 0.313938 seconds 
  Import took 0.321331 seconds .

========================================================================
Received Import Request.
  Time since last request: 199.709544 seconds.
  path: Assets/Scenes/Ch07_nonPBR@Dwarf Idle.fbx
  artifactKey: Guid(f9459cd17c70320479dd1ddb2d2cc828) Importer(815301076,1909f56bfc062723c751e8b465ee728b)
Start importing Assets/Scenes/Ch07_nonPBR@Dwarf Idle.fbx using Guid(f9459cd17c70320479dd1ddb2d2cc828) Importer(815301076,1909f56bfc062723c751e8b465ee728b)  -> (artifact id: 'b9100f38b9f8b336be9790ca534c3a88') in 0.288218 seconds 
  Import took 0.291984 seconds .

========================================================================
Received Import Request.
  Time since last request: 0.000214 seconds.
  path: Assets/Scenes/Ch07_nonPBR@Walking.fbx
  artifactKey: Guid(e3a37764cafb7de48a60c0e30db89d97) Importer(815301076,1909f56bfc062723c751e8b465ee728b)
Start importing Assets/Scenes/Ch07_nonPBR@Walking.fbx using Guid(e3a37764cafb7de48a60c0e30db89d97) Importer(815301076,1909f56bfc062723c751e8b465ee728b)  -> (artifact id: 'fc94c81529d2a24647d85508171e7427') in 0.195926 seconds 
  Import took 0.199932 seconds .

========================================================================
Received Import Request.
  Time since last request: 0.000236 seconds.
  path: Assets/Scenes/Ch07_nonPBR@Left Strafe Walk.fbx
  artifactKey: Guid(b83145b4ea8eb4c47937a1520bcbb0e5) Importer(815301076,1909f56bfc062723c751e8b465ee728b)
Start importing Assets/Scenes/Ch07_nonPBR@Left Strafe Walk.fbx using Guid(b83145b4ea8eb4c47937a1520bcbb0e5) Importer(815301076,1909f56bfc062723c751e8b465ee728b)  -> (artifact id: '4e217cba6346862e98ca21b1e560f1b5') in 0.201960 seconds 
  Import took 0.206164 seconds .

========================================================================
Received Import Request.
  Time since last request: 142.845482 seconds.
  path: Assets/Scenes/Ch07_nonPBR@Dwarf Idle.fbx
  artifactKey: Guid(f9459cd17c70320479dd1ddb2d2cc828) Importer(815301076,1909f56bfc062723c751e8b465ee728b)
Start importing Assets/Scenes/Ch07_nonPBR@Dwarf Idle.fbx using Guid(f9459cd17c70320479dd1ddb2d2cc828) Importer(815301076,1909f56bfc062723c751e8b465ee728b)  -> (artifact id: '488f712dd3d0dfee3d94451eb7532553') in 0.245751 seconds 
  Import took 0.249420 seconds .

========================================================================
Received Import Request.
  Time since last request: 23.947641 seconds.
  path: Assets/Scenes/Ch07_nonPBR@Left Strafe Walk.fbx
  artifactKey: Guid(b83145b4ea8eb4c47937a1520bcbb0e5) Importer(815301076,1909f56bfc062723c751e8b465ee728b)
Start importing Assets/Scenes/Ch07_nonPBR@Left Strafe Walk.fbx using Guid(b83145b4ea8eb4c47937a1520bcbb0e5) Importer(815301076,1909f56bfc062723c751e8b465ee728b)  -> (artifact id: 'e873240bc44b46d7e28f21a50b3ec36e') in 0.236571 seconds 
  Import took 0.240400 seconds .

========================================================================
Received Import Request.
  Time since last request: 35.240762 seconds.
  path: Assets/Scenes/Ch07_nonPBR@Walking.fbx
  artifactKey: Guid(e3a37764cafb7de48a60c0e30db89d97) Importer(815301076,1909f56bfc062723c751e8b465ee728b)
Start importing Assets/Scenes/Ch07_nonPBR@Walking.fbx using Guid(e3a37764cafb7de48a60c0e30db89d97) Importer(815301076,1909f56bfc062723c751e8b465ee728b)  -> (artifact id: 'ba659ffc8b255382eafe9cb821a58fcf') in 0.277755 seconds 
  Import took 0.281452 seconds .

========================================================================
Received Prepare
Registering precompiled user dll's ...
Registered in 0.002988 seconds.
Begin MonoManager ReloadAssembly
Native extension for WindowsStandalone target not found
Refreshing native plugins compatible for Editor in 0.35 ms, found 2 plugins.
Preloading 0 native plugins for Editor in 0.00 ms.
Mono: successfully reloaded assembly
- Completed reload, in  1.297 seconds
Domain Reload Profiling:
	ReloadAssembly (1297ms)
		BeginReloadAssembly (153ms)
			ExecutionOrderSort (0ms)
			DisableScriptedObjects (6ms)
			BackupInstance (0ms)
			ReleaseScriptingObjects (0ms)
			CreateAndSetChildDomain (45ms)
		EndReloadAssembly (1045ms)
			LoadAssemblies (109ms)
			RebuildTransferFunctionScriptingTraits (0ms)
			SetupTypeCache (395ms)
			ReleaseScriptCaches (1ms)
			RebuildScriptCaches (43ms)
			SetupLoadedEditorAssemblies (377ms)
				LogAssemblyErrors (0ms)
				InitializePlatformSupportModulesInManaged (5ms)
				SetLoadedEditorAssemblies (1ms)
				RefreshPlugins (0ms)
				BeforeProcessingInitializeOnLoad (90ms)
				ProcessInitializeOnLoadAttributes (263ms)
				ProcessInitializeOnLoadMethodAttributes (5ms)
				AfterProcessingInitializeOnLoad (11ms)
				EditorAssembliesLoaded (1ms)
			ExecutionOrderSort2 (0ms)
			AwakeInstancesAfterBackupRestoration (8ms)
Platform modules already initialized, skipping
Refreshing native plugins compatible for Editor in 0.76 ms, found 2 plugins.
Preloading 0 native plugins for Editor in 0.00 ms.
Unloading 1393 Unused Serialized files (Serialized files now loaded: 0)
System memory in use before: 82.1 MB.
System memory in use after: 82.2 MB.

Unloading 11 unused Assets to reduce memory usage. Loaded Objects now: 1880.
Total: 3.136700 ms (FindLiveObjects: 0.296900 ms CreateObjectMapping: 0.084600 ms MarkObjects: 2.725500 ms  DeleteObjects: 0.027300 ms)

AssetImportParameters requested are different than current active one (requested -> active):
  custom:framework-win-MediaFoundation: 216162199b28c13a410421893ffa2e32 -> 
  custom:video-decoder-ogg-theora: a1e56fd34408186e4bbccfd4996cb3dc -> 
  custom:container-muxer-webm: aa71ff27fc2769a1b78a27578f13a17b -> 
  custom:container-demuxer-webm: 4f35f7cbe854078d1ac9338744f61a02 -> 
  custom:container-demuxer-ogg: 62fdf1f143b41e24485cea50d1cbac27 -> 
  custom:video-encoder-webm-vp8: eb34c28f22e8b96e1ab97ce403110664 -> 
  custom:video-codec-MediaFoundation-h265: 746d11721c4dcdbdad8f713fa42b33f4 -> 
  custom:video-decoder-webm-vp8: 9c59270c3fd7afecdb556c50c9e8de78 -> 
  custom:audio-decoder-ogg-vorbis: bf7c407c2cedff20999df2af8eb42d56 -> 
  custom:audio-encoder-webm-vorbis: bf7c407c2cedff20999df2af8eb42d56 -> 
========================================================================
Received Import Request.
  Time since last request: 1072.661883 seconds.
  path: Assets/Scenes/controlPersonale.cs
  artifactKey: Guid(15e34c0b52723414b88cf9dae897884b) Importer(815301076,1909f56bfc062723c751e8b465ee728b)
Start importing Assets/Scenes/controlPersonale.cs using Guid(15e34c0b52723414b88cf9dae897884b) Importer(815301076,1909f56bfc062723c751e8b465ee728b)  -> (artifact id: 'e34609e82450bc8557de6410894bd38a') in 0.008689 seconds 
  Import took 0.012290 seconds .

========================================================================
Received Prepare
Registering precompiled user dll's ...
Registered in 0.003990 seconds.
Begin MonoManager ReloadAssembly
Native extension for WindowsStandalone target not found
Refreshing native plugins compatible for Editor in 0.47 ms, found 2 plugins.
Preloading 0 native plugins for Editor in 0.00 ms.
Mono: successfully reloaded assembly
- Completed reload, in  2.315 seconds
Domain Reload Profiling:
	ReloadAssembly (2316ms)
		BeginReloadAssembly (230ms)
			ExecutionOrderSort (0ms)
			DisableScriptedObjects (10ms)
			BackupInstance (0ms)
			ReleaseScriptingObjects (0ms)
			CreateAndSetChildDomain (70ms)
		EndReloadAssembly (1888ms)
			LoadAssemblies (206ms)
			RebuildTransferFunctionScriptingTraits (0ms)
			SetupTypeCache (697ms)
			ReleaseScriptCaches (1ms)
			RebuildScriptCaches (92ms)
			SetupLoadedEditorAssemblies (674ms)
				LogAssemblyErrors (0ms)
				InitializePlatformSupportModulesInManaged (11ms)
				SetLoadedEditorAssemblies (1ms)
				RefreshPlugins (1ms)
				BeforeProcessingInitializeOnLoad (172ms)
				ProcessInitializeOnLoadAttributes (455ms)
				ProcessInitializeOnLoadMethodAttributes (11ms)
				AfterProcessingInitializeOnLoad (22ms)
				EditorAssembliesLoaded (1ms)
			ExecutionOrderSort2 (0ms)
			AwakeInstancesAfterBackupRestoration (16ms)
Platform modules already initialized, skipping
Refreshing native plugins compatible for Editor in 1.03 ms, found 2 plugins.
Preloading 0 native plugins for Editor in 0.00 ms.
Unloading 1394 Unused Serialized files (Serialized files now loaded: 0)
System memory in use before: 82.1 MB.
System memory in use after: 82.3 MB.

Unloading 11 unused Assets to reduce memory usage. Loaded Objects now: 1883.
Total: 5.166000 ms (FindLiveObjects: 0.224400 ms CreateObjectMapping: 0.073700 ms MarkObjects: 4.839600 ms  DeleteObjects: 0.026800 ms)

AssetImportParameters requested are different than current active one (requested -> active):
  custom:framework-win-MediaFoundation: 216162199b28c13a410421893ffa2e32 -> 
  custom:video-decoder-ogg-theora: a1e56fd34408186e4bbccfd4996cb3dc -> 
  custom:container-muxer-webm: aa71ff27fc2769a1b78a27578f13a17b -> 
  custom:container-demuxer-webm: 4f35f7cbe854078d1ac9338744f61a02 -> 
  custom:container-demuxer-ogg: 62fdf1f143b41e24485cea50d1cbac27 -> 
  custom:video-encoder-webm-vp8: eb34c28f22e8b96e1ab97ce403110664 -> 
  custom:video-codec-MediaFoundation-h265: 746d11721c4dcdbdad8f713fa42b33f4 -> 
  custom:video-decoder-webm-vp8: 9c59270c3fd7afecdb556c50c9e8de78 -> 
  custom:audio-decoder-ogg-vorbis: bf7c407c2cedff20999df2af8eb42d56 -> 
  custom:audio-encoder-webm-vorbis: bf7c407c2cedff20999df2af8eb42d56 -> 
========================================================================
Received Import Request.
  Time since last request: 1186.557562 seconds.
  path: Assets/Scenes/controler.controller
  artifactKey: Guid(769f2f4867781654fbbf851b5f2e0bf2) Importer(815301076,1909f56bfc062723c751e8b465ee728b)
Start importing Assets/Scenes/controler.controller using Guid(769f2f4867781654fbbf851b5f2e0bf2) Importer(815301076,1909f56bfc062723c751e8b465ee728b)  -> (artifact id: 'af05a2479bbfb9225e210ee0806f5005') in 0.020487 seconds 
  Import took 0.024783 seconds .

========================================================================
Received Import Request.
  Time since last request: 90.005257 seconds.
  path: Assets/Scenes/Animations
  artifactKey: Guid(e9e377714be90534d936585c88c4d760) Importer(815301076,1909f56bfc062723c751e8b465ee728b)
Start importing Assets/Scenes/Animations using Guid(e9e377714be90534d936585c88c4d760) Importer(815301076,1909f56bfc062723c751e8b465ee728b)  -> (artifact id: '1c87d16d9c65f3c77c1e2575bbf297f8') in 0.002096 seconds 
  Import took 0.005425 seconds .

========================================================================
Received Import Request.
  Time since last request: 27.735144 seconds.
  path: Assets/Scenes/Ch07_nonPBR@Left Strafe Walk 1.fbx
  artifactKey: Guid(4002ca9050a071741bce49763502181f) Importer(815301076,1909f56bfc062723c751e8b465ee728b)
Start importing Assets/Scenes/Ch07_nonPBR@Left Strafe Walk 1.fbx using Guid(4002ca9050a071741bce49763502181f) Importer(815301076,1909f56bfc062723c751e8b465ee728b)  -> (artifact id: 'a5975f36860d8f0ade7b3cdae0fc9d1c') in 0.246007 seconds 
  Import took 0.248978 seconds .

========================================================================
Received Import Request.
  Time since last request: 0.000162 seconds.
  path: Assets/Scenes/Ch07_nonPBR.fbx
  artifactKey: Guid(2a6fd05412522c64680d833707aa3b3f) Importer(815301076,1909f56bfc062723c751e8b465ee728b)
Start importing Assets/Scenes/Ch07_nonPBR.fbx using Guid(2a6fd05412522c64680d833707aa3b3f) Importer(815301076,1909f56bfc062723c751e8b465ee728b)  -> (artifact id: '18f2c292cdc724c6d3b44d8152d84b7f') in 0.151890 seconds 
  Import took 0.164996 seconds .

========================================================================
Received Import Request.
  Time since last request: 6.990542 seconds.
  path: Assets/Scenes/Ch07_nonPBR.fbx
  artifactKey: Guid(2a6fd05412522c64680d833707aa3b3f) Importer(815301076,1909f56bfc062723c751e8b465ee728b)
Start importing Assets/Scenes/Ch07_nonPBR.fbx using Guid(2a6fd05412522c64680d833707aa3b3f) Importer(815301076,1909f56bfc062723c751e8b465ee728b)  -> (artifact id: '9eb328b45f5d1419236105b0766c6182') in 0.201261 seconds 
  Import took 0.215986 seconds .

========================================================================
Received Import Request.
  Time since last request: 31.797248 seconds.
  path: Assets/Scenes/Ch07_nonPBR@Walking 1.fbx
  artifactKey: Guid(bd9ad4974896e654a9d97b54c4339ff9) Importer(815301076,1909f56bfc062723c751e8b465ee728b)
Start importing Assets/Scenes/Ch07_nonPBR@Walking 1.fbx using Guid(bd9ad4974896e654a9d97b54c4339ff9) Importer(815301076,1909f56bfc062723c751e8b465ee728b)  -> (artifact id: 'af8a47cb6db546495f9edc78be86257e') in 0.263821 seconds 
  Import took 0.269682 seconds .

========================================================================
Received Import Request.
  Time since last request: 0.000496 seconds.
  path: Assets/Scenes/Ch07_nonPBR.fbx
  artifactKey: Guid(2a6fd05412522c64680d833707aa3b3f) Importer(815301076,1909f56bfc062723c751e8b465ee728b)
Start importing Assets/Scenes/Ch07_nonPBR.fbx using Guid(2a6fd05412522c64680d833707aa3b3f) Importer(815301076,1909f56bfc062723c751e8b465ee728b)  -> (artifact id: 'dcba863ce7b852320e952f6cbe897477') in 0.153789 seconds 
  Import took 0.159653 seconds .

========================================================================
Received Prepare
Registering precompiled user dll's ...
Registered in 0.001590 seconds.
Begin MonoManager ReloadAssembly
Native extension for WindowsStandalone target not found
Refreshing native plugins compatible for Editor in 0.29 ms, found 2 plugins.
Preloading 0 native plugins for Editor in 0.00 ms.
Mono: successfully reloaded assembly
- Completed reload, in  1.065 seconds
Domain Reload Profiling:
	ReloadAssembly (1065ms)
		BeginReloadAssembly (116ms)
			ExecutionOrderSort (0ms)
			DisableScriptedObjects (4ms)
			BackupInstance (0ms)
			ReleaseScriptingObjects (0ms)
			CreateAndSetChildDomain (36ms)
		EndReloadAssembly (865ms)
			LoadAssemblies (98ms)
			RebuildTransferFunctionScriptingTraits (0ms)
			SetupTypeCache (328ms)
			ReleaseScriptCaches (1ms)
			RebuildScriptCaches (38ms)
			SetupLoadedEditorAssemblies (282ms)
				LogAssemblyErrors (0ms)
				InitializePlatformSupportModulesInManaged (5ms)
				SetLoadedEditorAssemblies (0ms)
				RefreshPlugins (0ms)
				BeforeProcessingInitializeOnLoad (68ms)
				ProcessInitializeOnLoadAttributes (196ms)
				ProcessInitializeOnLoadMethodAttributes (4ms)
				AfterProcessingInitializeOnLoad (8ms)
				EditorAssembliesLoaded (0ms)
			ExecutionOrderSort2 (0ms)
			AwakeInstancesAfterBackupRestoration (6ms)
Platform modules already initialized, skipping
Refreshing native plugins compatible for Editor in 0.31 ms, found 2 plugins.
Preloading 0 native plugins for Editor in 0.00 ms.
Unloading 1394 Unused Serialized files (Serialized files now loaded: 0)
System memory in use before: 82.4 MB.
System memory in use after: 82.5 MB.

Unloading 11 unused Assets to reduce memory usage. Loaded Objects now: 1886.
Total: 2.762800 ms (FindLiveObjects: 0.172700 ms CreateObjectMapping: 0.044200 ms MarkObjects: 2.526800 ms  DeleteObjects: 0.018000 ms)

AssetImportParameters requested are different than current active one (requested -> active):
  custom:framework-win-MediaFoundation: 216162199b28c13a410421893ffa2e32 -> 
  custom:video-decoder-ogg-theora: a1e56fd34408186e4bbccfd4996cb3dc -> 
  custom:container-muxer-webm: aa71ff27fc2769a1b78a27578f13a17b -> 
  custom:container-demuxer-webm: 4f35f7cbe854078d1ac9338744f61a02 -> 
  custom:container-demuxer-ogg: 62fdf1f143b41e24485cea50d1cbac27 -> 
  custom:video-encoder-webm-vp8: eb34c28f22e8b96e1ab97ce403110664 -> 
  custom:video-codec-MediaFoundation-h265: 746d11721c4dcdbdad8f713fa42b33f4 -> 
  custom:video-decoder-webm-vp8: 9c59270c3fd7afecdb556c50c9e8de78 -> 
  custom:audio-decoder-ogg-vorbis: bf7c407c2cedff20999df2af8eb42d56 -> 
  custom:audio-encoder-webm-vorbis: bf7c407c2cedff20999df2af8eb42d56 -> 
========================================================================
Received Prepare
Registering precompiled user dll's ...
Registered in 0.001548 seconds.
Begin MonoManager ReloadAssembly
Native extension for WindowsStandalone target not found
Refreshing native plugins compatible for Editor in 0.30 ms, found 2 plugins.
Preloading 0 native plugins for Editor in 0.00 ms.
Mono: successfully reloaded assembly
- Completed reload, in  1.179 seconds
Domain Reload Profiling:
	ReloadAssembly (1180ms)
		BeginReloadAssembly (148ms)
			ExecutionOrderSort (0ms)
			DisableScriptedObjects (6ms)
			BackupInstance (0ms)
			ReleaseScriptingObjects (0ms)
			CreateAndSetChildDomain (58ms)
		EndReloadAssembly (947ms)
			LoadAssemblies (103ms)
			RebuildTransferFunctionScriptingTraits (0ms)
			SetupTypeCache (327ms)
			ReleaseScriptCaches (1ms)
			RebuildScriptCaches (51ms)
			SetupLoadedEditorAssemblies (348ms)
				LogAssemblyErrors (0ms)
				InitializePlatformSupportModulesInManaged (5ms)
				SetLoadedEditorAssemblies (0ms)
				RefreshPlugins (0ms)
				BeforeProcessingInitializeOnLoad (91ms)
				ProcessInitializeOnLoadAttributes (235ms)
				ProcessInitializeOnLoadMethodAttributes (4ms)
				AfterProcessingInitializeOnLoad (11ms)
				EditorAssembliesLoaded (0ms)
			ExecutionOrderSort2 (0ms)
			AwakeInstancesAfterBackupRestoration (8ms)
Platform modules already initialized, skipping
Refreshing native plugins compatible for Editor in 0.31 ms, found 2 plugins.
Preloading 0 native plugins for Editor in 0.00 ms.
Unloading 1394 Unused Serialized files (Serialized files now loaded: 0)
System memory in use before: 82.4 MB.
System memory in use after: 82.5 MB.

Unloading 11 unused Assets to reduce memory usage. Loaded Objects now: 1888.
Total: 3.638400 ms (FindLiveObjects: 0.246400 ms CreateObjectMapping: 0.066600 ms MarkObjects: 3.304800 ms  DeleteObjects: 0.019100 ms)

AssetImportParameters requested are different than current active one (requested -> active):
  custom:framework-win-MediaFoundation: 216162199b28c13a410421893ffa2e32 -> 
  custom:video-decoder-ogg-theora: a1e56fd34408186e4bbccfd4996cb3dc -> 
  custom:container-muxer-webm: aa71ff27fc2769a1b78a27578f13a17b -> 
  custom:container-demuxer-webm: 4f35f7cbe854078d1ac9338744f61a02 -> 
  custom:container-demuxer-ogg: 62fdf1f143b41e24485cea50d1cbac27 -> 
  custom:video-encoder-webm-vp8: eb34c28f22e8b96e1ab97ce403110664 -> 
  custom:video-codec-MediaFoundation-h265: 746d11721c4dcdbdad8f713fa42b33f4 -> 
  custom:video-decoder-webm-vp8: 9c59270c3fd7afecdb556c50c9e8de78 -> 
  custom:audio-decoder-ogg-vorbis: bf7c407c2cedff20999df2af8eb42d56 -> 
  custom:audio-encoder-webm-vorbis: bf7c407c2cedff20999df2af8eb42d56 -> 
AssetImportWorkerClient::OnTransportError - code=2 error=End of file
